<?xml version="1.0" encoding="UTF-8"?>
<!-- Generated by org.testng.reporters.JUnitReportReporter -->
<testsuite hostname="akash_anand" name="com.dikshatech.tst.RESTAPI.RestApi" tests="4" failures="0" timestamp="22 Nov 2018 05:27:11 GMT" time="10.304" errors="0">
  <testcase name="loginAPI" time="1.708" classname="com.dikshatech.tst.RESTAPI.RestApi"/>
  <testcase name="weatherResponse" time="1.949" classname="com.dikshatech.tst.RESTAPI.RestApi"/>
  <testcase name="jsonData" time="2.815" classname="com.dikshatech.tst.RESTAPI.RestApi"/>
  <testcase name="getloginStatus" time="3.832" classname="com.dikshatech.tst.RESTAPI.RestApi"/>
</testsuite> <!-- com.dikshatech.tst.RESTAPI.RestApi -->
