<?xml version="1.0" encoding="UTF-8"?>
<!-- Generated by org.testng.reporters.JUnitReportReporter -->
<testsuite hostname="akash_anand" name="com.dikshatech.tst.ObjectRepository.RestApi" tests="4" failures="0" timestamp="22 Nov 2018 05:46:19 GMT" time="8.875" errors="0">
  <testcase name="loginAPI" time="2.113" classname="com.dikshatech.tst.ObjectRepository.RestApi"/>
  <testcase name="weatherResponse" time="1.627" classname="com.dikshatech.tst.ObjectRepository.RestApi"/>
  <testcase name="jsonData" time="2.265" classname="com.dikshatech.tst.ObjectRepository.RestApi"/>
  <testcase name="getloginStatus" time="2.870" classname="com.dikshatech.tst.ObjectRepository.RestApi"/>
</testsuite> <!-- com.dikshatech.tst.ObjectRepository.RestApi -->
